[16.03.2026 18:53:56] ================================================
[16.03.2026 18:53:56] 📡 FIYATRADAR MASTER ORCHESTRATOR STARTED
[16.03.2026 18:53:56] ================================================
[16.03.2026 18:53:56] 
--- NEW CYCLE STARTING ---
[16.03.2026 18:53:56] 🚀 STARTING STAGE: Market Scrapers
[16.03.2026 20:32:48] ✅ STAGE COMPLETE: Market Scrapers (5932.0s)
[16.03.2026 20:32:48] 🚀 STARTING STAGE: Category Cleanup
[16.03.2026 20:32:48] ✅ STAGE COMPLETE: Category Cleanup (0.5s)
[16.03.2026 20:32:48] 🚀 STARTING STAGE: Deduplication
[16.03.2026 20:32:56] ✅ STAGE COMPLETE: Deduplication (7.4s)
[16.03.2026 20:32:56] 🚀 STARTING STAGE: Muadil Matcher
[16.03.2026 20:32:56] ✅ STAGE COMPLETE: Muadil Matcher (0.2s)
[16.03.2026 20:32:56] 🚀 STARTING STAGE: Barcode Enrichment
[16.03.2026 20:34:38] ✅ STAGE COMPLETE: Barcode Enrichment (101.8s)
[16.03.2026 20:34:38] 🚀 STARTING STAGE: Link Maintenance
[16.03.2026 20:34:41] ✅ STAGE COMPLETE: Link Maintenance (3.3s)
[16.03.2026 20:34:41] 
--- CYCLE COMPLETE ---
[16.03.2026 20:34:41] Next run in 6 hours.
